\BOOKMARK [0][-]{Doc-Start}{Acknowledgments}{}% 1
\BOOKMARK [0][-]{chapter*.1}{Abstract}{}% 2
\BOOKMARK [0][-]{toc.0}{Contents}{}% 3
\BOOKMARK [0][-]{chapter.1}{Introduction}{}% 4
\BOOKMARK [1][-]{section.1.1}{Nutrition and Health}{chapter.1}% 5
\BOOKMARK [1][-]{section.1.2}{Health and Well Being Applications}{chapter.1}% 6
\BOOKMARK [1][-]{section.1.3}{Goal and Structure of the Thesis}{chapter.1}% 7
\BOOKMARK [0][-]{chapter.2}{Theoretical Background}{}% 8
\BOOKMARK [1][-]{section.2.1}{Natural Language Processing}{chapter.2}% 9
\BOOKMARK [2][-]{subsection.2.1.1}{Regular Expressions}{section.2.1}% 10
\BOOKMARK [2][-]{subsection.2.1.2}{Information Extraction}{section.2.1}% 11
\BOOKMARK [2][-]{subsection.2.1.3}{Dialog Systems}{section.2.1}% 12
\BOOKMARK [1][-]{section.2.2}{Machine Learning}{chapter.2}% 13
\BOOKMARK [2][-]{subsection.2.2.1}{Basics of Machine Learning}{section.2.2}% 14
\BOOKMARK [2][-]{subsection.2.2.2}{Relevant Models}{section.2.2}% 15
\BOOKMARK [2][-]{subsection.2.2.3}{More Machine Learning}{section.2.2}% 16
\BOOKMARK [0][-]{chapter.3}{Methodology}{}% 17
\BOOKMARK [1][-]{section.3.1}{Chatbot}{chapter.3}% 18
\BOOKMARK [2][-]{subsection.3.1.1}{Design}{section.3.1}% 19
\BOOKMARK [2][-]{subsection.3.1.2}{Telegram Integration}{section.3.1}% 20
\BOOKMARK [1][-]{section.3.2}{Machine Learning}{chapter.3}% 21
\BOOKMARK [2][-]{subsection.3.2.1}{Preprocesseing}{section.3.2}% 22
\BOOKMARK [2][-]{subsection.3.2.2}{Feature Extraction}{section.3.2}% 23
\BOOKMARK [2][-]{subsection.3.2.3}{Models}{section.3.2}% 24
\BOOKMARK [2][-]{subsection.3.2.4}{Training and Testing}{section.3.2}% 25
\BOOKMARK [2][-]{subsection.3.2.5}{Implementation}{section.3.2}% 26
\BOOKMARK [0][-]{chapter.4}{Results}{}% 27
\BOOKMARK [1][-]{section.4.1}{Section}{chapter.4}% 28
\BOOKMARK [0][-]{chapter.5}{Discussion}{}% 29
\BOOKMARK [1][-]{section.5.1}{Section}{chapter.5}% 30
\BOOKMARK [0][-]{chapter.6}{Conclusion}{}% 31
\BOOKMARK [1][-]{section.6.1}{Summary}{chapter.6}% 32
\BOOKMARK [1][-]{section.6.2}{Future Work}{chapter.6}% 33
\BOOKMARK [0][-]{chapter.7}{latex-guide}{}% 34
\BOOKMARK [1][-]{section.7.1}{Section}{chapter.7}% 35
\BOOKMARK [2][-]{subsection.7.1.1}{Subsection}{section.7.1}% 36
\BOOKMARK [0][-]{chapter*.41}{List of Figures}{}% 37
\BOOKMARK [0][-]{chapter*.42}{List of Tables}{}% 38
\BOOKMARK [0][-]{chapter*.43}{Bibliography}{}% 39
